<?xml version="1.0" encoding="UTF-8"?>
<testsuite name="com.limky.admin.springboot.test.domain.posts.PostsRepositoryTest" tests="1" skipped="0" failures="0" errors="0" timestamp="2021-02-08T16:45:42" hostname="DESKTOP-VO5OGPT" time="0.977">
  <properties/>
  <testcase name="posts_load" classname="com.limky.admin.springboot.test.domain.posts.PostsRepositoryTest" time="0.977"/>
  <system-out><![CDATA[01:45:26.240 [Test worker] DEBUG org.springframework.test.context.junit4.SpringJUnit4ClassRunner - SpringJUnit4ClassRunner constructor called with [class com.limky.admin.springboot.test.domain.posts.PostsRepositoryTest]
01:45:26.257 [Test worker] DEBUG org.springframework.test.context.BootstrapUtils - Instantiating CacheAwareContextLoaderDelegate from class [org.springframework.test.context.cache.DefaultCacheAwareContextLoaderDelegate]
01:45:26.284 [Test worker] DEBUG org.springframework.test.context.BootstrapUtils - Instantiating BootstrapContext using constructor [public org.springframework.test.context.support.DefaultBootstrapContext(java.lang.Class,org.springframework.test.context.CacheAwareContextLoaderDelegate)]
01:45:26.333 [Test worker] DEBUG org.springframework.test.context.BootstrapUtils - Instantiating TestContextBootstrapper for test class [com.limky.admin.springboot.test.domain.posts.PostsRepositoryTest] from class [org.springframework.boot.test.context.SpringBootTestContextBootstrapper]
01:45:26.361 [Test worker] INFO org.springframework.boot.test.context.SpringBootTestContextBootstrapper - Neither @ContextConfiguration nor @ContextHierarchy found for test class [com.limky.admin.springboot.test.domain.posts.PostsRepositoryTest], using SpringBootContextLoader
01:45:26.367 [Test worker] DEBUG org.springframework.test.context.support.AbstractContextLoader - Did not detect default resource location for test class [com.limky.admin.springboot.test.domain.posts.PostsRepositoryTest]: class path resource [com/limky/admin/springboot/test/domain/posts/PostsRepositoryTest-context.xml] does not exist
01:45:26.368 [Test worker] DEBUG org.springframework.test.context.support.AbstractContextLoader - Did not detect default resource location for test class [com.limky.admin.springboot.test.domain.posts.PostsRepositoryTest]: class path resource [com/limky/admin/springboot/test/domain/posts/PostsRepositoryTestContext.groovy] does not exist
01:45:26.368 [Test worker] INFO org.springframework.test.context.support.AbstractContextLoader - Could not detect default resource locations for test class [com.limky.admin.springboot.test.domain.posts.PostsRepositoryTest]: no resource found for suffixes {-context.xml, Context.groovy}.
01:45:26.369 [Test worker] INFO org.springframework.test.context.support.AnnotationConfigContextLoaderUtils - Could not detect default configuration classes for test class [com.limky.admin.springboot.test.domain.posts.PostsRepositoryTest]: PostsRepositoryTest does not declare any static, non-private, non-final, nested classes annotated with @Configuration.
01:45:26.467 [Test worker] DEBUG org.springframework.test.context.support.ActiveProfilesUtils - Could not find an 'annotation declaring class' for annotation type [org.springframework.test.context.ActiveProfiles] and class [com.limky.admin.springboot.test.domain.posts.PostsRepositoryTest]
01:45:26.593 [Test worker] DEBUG org.springframework.context.annotation.ClassPathScanningCandidateComponentProvider - Identified candidate component class: file [C:\Users\Limky\IdeaProjects\springboot-webservice\build\classes\java\main\com\limky\admin\springboot\Application.class]
01:45:26.595 [Test worker] INFO org.springframework.boot.test.context.SpringBootTestContextBootstrapper - Found @SpringBootConfiguration com.limky.admin.springboot.Application for test class com.limky.admin.springboot.test.domain.posts.PostsRepositoryTest
01:45:26.840 [Test worker] DEBUG org.springframework.boot.test.context.SpringBootTestContextBootstrapper - @TestExecutionListeners is not present for class [com.limky.admin.springboot.test.domain.posts.PostsRepositoryTest]: using defaults.
01:45:26.842 [Test worker] INFO org.springframework.boot.test.context.SpringBootTestContextBootstrapper - Loaded default TestExecutionListener class names from location [META-INF/spring.factories]: [org.springframework.security.test.context.support.WithSecurityContextTestExecutionListener, org.springframework.security.test.context.support.ReactorContextTestExecutionListener, org.springframework.boot.test.autoconfigure.restdocs.RestDocsTestExecutionListener, org.springframework.boot.test.autoconfigure.web.client.MockRestServiceServerResetTestExecutionListener, org.springframework.boot.test.autoconfigure.web.servlet.MockMvcPrintOnlyOnFailureTestExecutionListener, org.springframework.boot.test.autoconfigure.web.servlet.WebDriverTestExecutionListener, org.springframework.boot.test.mock.mockito.MockitoTestExecutionListener, org.springframework.boot.test.mock.mockito.ResetMocksTestExecutionListener, org.springframework.test.context.web.ServletTestExecutionListener, org.springframework.test.context.support.DirtiesContextBeforeModesTestExecutionListener, org.springframework.test.context.support.DependencyInjectionTestExecutionListener, org.springframework.test.context.support.DirtiesContextTestExecutionListener, org.springframework.test.context.transaction.TransactionalTestExecutionListener, org.springframework.test.context.jdbc.SqlScriptsTestExecutionListener]
01:45:26.917 [Test worker] INFO org.springframework.boot.test.context.SpringBootTestContextBootstrapper - Using TestExecutionListeners: [org.springframework.test.context.web.ServletTestExecutionListener@37222f0, org.springframework.test.context.support.DirtiesContextBeforeModesTestExecutionListener@6676d117, org.springframework.boot.test.mock.mockito.MockitoTestExecutionListener@3c8ba3a6, org.springframework.boot.test.autoconfigure.SpringBootDependencyInjectionTestExecutionListener@3ed27b6c, org.springframework.test.context.support.DirtiesContextTestExecutionListener@2ca5bbe4, org.springframework.test.context.transaction.TransactionalTestExecutionListener@7c0b290e, org.springframework.test.context.jdbc.SqlScriptsTestExecutionListener@1d7c23ba, org.springframework.security.test.context.support.WithSecurityContextTestExecutionListener@30d82262, org.springframework.security.test.context.support.ReactorContextTestExecutionListener@31a3c506, org.springframework.boot.test.autoconfigure.restdocs.RestDocsTestExecutionListener@14c5d965, org.springframework.boot.test.autoconfigure.web.client.MockRestServiceServerResetTestExecutionListener@68d849b4, org.springframework.boot.test.autoconfigure.web.servlet.MockMvcPrintOnlyOnFailureTestExecutionListener@19e2bdff, org.springframework.boot.test.autoconfigure.web.servlet.WebDriverTestExecutionListener@3646d030, org.springframework.boot.test.mock.mockito.ResetMocksTestExecutionListener@c72396c]
01:45:26.925 [Test worker] DEBUG org.springframework.test.annotation.ProfileValueUtils - Retrieved @ProfileValueSourceConfiguration [null] for test class [com.limky.admin.springboot.test.domain.posts.PostsRepositoryTest]
01:45:26.926 [Test worker] DEBUG org.springframework.test.annotation.ProfileValueUtils - Retrieved ProfileValueSource type [class org.springframework.test.annotation.SystemProfileValueSource] for class [com.limky.admin.springboot.test.domain.posts.PostsRepositoryTest]
01:45:26.935 [Test worker] DEBUG org.springframework.test.annotation.ProfileValueUtils - Retrieved @ProfileValueSourceConfiguration [null] for test class [com.limky.admin.springboot.test.domain.posts.PostsRepositoryTest]
01:45:26.936 [Test worker] DEBUG org.springframework.test.annotation.ProfileValueUtils - Retrieved ProfileValueSource type [class org.springframework.test.annotation.SystemProfileValueSource] for class [com.limky.admin.springboot.test.domain.posts.PostsRepositoryTest]
01:45:26.938 [Test worker] DEBUG org.springframework.test.annotation.ProfileValueUtils - Retrieved @ProfileValueSourceConfiguration [null] for test class [com.limky.admin.springboot.test.domain.posts.PostsRepositoryTest]
01:45:26.938 [Test worker] DEBUG org.springframework.test.annotation.ProfileValueUtils - Retrieved ProfileValueSource type [class org.springframework.test.annotation.SystemProfileValueSource] for class [com.limky.admin.springboot.test.domain.posts.PostsRepositoryTest]
01:45:26.950 [Test worker] DEBUG org.springframework.test.context.support.AbstractDirtiesContextTestExecutionListener - Before test class: context [DefaultTestContext@5a186f8e testClass = PostsRepositoryTest, testInstance = [null], testMethod = [null], testException = [null], mergedContextConfiguration = [WebMergedContextConfiguration@81d71c7 testClass = PostsRepositoryTest, locations = '{}', classes = '{class com.limky.admin.springboot.Application}', contextInitializerClasses = '[]', activeProfiles = '{}', propertySourceLocations = '{}', propertySourceProperties = '{org.springframework.boot.test.context.SpringBootTestContextBootstrapper=true}', contextCustomizers = set[org.springframework.boot.test.autoconfigure.properties.PropertyMappingContextCustomizer@0, org.springframework.boot.test.autoconfigure.web.servlet.WebDriverContextCustomizerFactory$Customizer@2286ed9e, org.springframework.boot.test.context.filter.ExcludeFilterContextCustomizer@216c20e0, org.springframework.boot.test.json.DuplicateJsonObjectContextCustomizerFactory$DuplicateJsonObjectContextCustomizer@28b74a8f, org.springframework.boot.test.mock.mockito.MockitoContextCustomizer@0, org.springframework.boot.test.web.client.TestRestTemplateContextCustomizer@265e9440, org.springframework.test.context.web.socket.MockServerContainerContextCustomizer@179e20b0], resourceBasePath = 'src/main/webapp', contextLoader = 'org.springframework.boot.test.context.SpringBootContextLoader', parent = [null]], attributes = map['org.springframework.test.context.web.ServletTestExecutionListener.activateListener' -> true]], class annotated with @DirtiesContext [false] with mode [null].
01:45:26.951 [Test worker] DEBUG org.springframework.test.annotation.ProfileValueUtils - Retrieved @ProfileValueSourceConfiguration [null] for test class [com.limky.admin.springboot.test.domain.posts.PostsRepositoryTest]
01:45:26.952 [Test worker] DEBUG org.springframework.test.annotation.ProfileValueUtils - Retrieved ProfileValueSource type [class org.springframework.test.annotation.SystemProfileValueSource] for class [com.limky.admin.springboot.test.domain.posts.PostsRepositoryTest]
01:45:27.018 [Test worker] DEBUG org.springframework.test.context.support.TestPropertySourceUtils - Adding inlined properties to environment: {spring.jmx.enabled=false, org.springframework.boot.test.context.SpringBootTestContextBootstrapper=true, server.port=-1}

  .   ____          _            __ _ _
 /\\ / ___'_ __ _ _(_)_ __  __ _ \ \ \ \
( ( )\___ | '_ | '_| | '_ \/ _` | \ \ \ \
 \\/  ___)| |_)| | | | | || (_| |  ) ) ) )
  '  |____| .__|_| |_|_| |_\__, | / / / /
 =========|_|==============|___/=/_/_/_/
 :: Spring Boot ::        (v2.1.9.RELEASE)

2021-02-09 01:45:27.655  INFO 25764 --- [    Test worker] c.l.a.s.t.d.posts.PostsRepositoryTest    : Starting PostsRepositoryTest on DESKTOP-VO5OGPT with PID 25764 (started by Limky in C:\Users\Limky\IdeaProjects\springboot-webservice)
2021-02-09 01:45:27.658  INFO 25764 --- [    Test worker] c.l.a.s.t.d.posts.PostsRepositoryTest    : No active profile set, falling back to default profiles: default
2021-02-09 01:45:29.516  INFO 25764 --- [    Test worker] .s.d.r.c.RepositoryConfigurationDelegate : Bootstrapping Spring Data repositories in DEFAULT mode.
2021-02-09 01:45:29.704  INFO 25764 --- [    Test worker] .s.d.r.c.RepositoryConfigurationDelegate : Finished Spring Data repository scanning in 164ms. Found 1 repository interfaces.
2021-02-09 01:45:30.833  INFO 25764 --- [    Test worker] trationDelegate$BeanPostProcessorChecker : Bean 'org.springframework.transaction.annotation.ProxyTransactionManagementConfiguration' of type [org.springframework.transaction.annotation.ProxyTransactionManagementConfiguration$$EnhancerBySpringCGLIB$$80e2d256] is not eligible for getting processed by all BeanPostProcessors (for example: not eligible for auto-proxying)
2021-02-09 01:45:31.423  INFO 25764 --- [    Test worker] com.zaxxer.hikari.HikariDataSource       : HikariPool-1 - Starting...
2021-02-09 01:45:31.760  INFO 25764 --- [    Test worker] com.zaxxer.hikari.HikariDataSource       : HikariPool-1 - Start completed.
2021-02-09 01:45:31.987  INFO 25764 --- [    Test worker] o.hibernate.jpa.internal.util.LogHelper  : HHH000204: Processing PersistenceUnitInfo [
	name: default
	...]
2021-02-09 01:45:32.173  INFO 25764 --- [    Test worker] org.hibernate.Version                    : HHH000412: Hibernate Core {5.3.12.Final}
2021-02-09 01:45:32.177  INFO 25764 --- [    Test worker] org.hibernate.cfg.Environment            : HHH000206: hibernate.properties not found
2021-02-09 01:45:32.593  INFO 25764 --- [    Test worker] o.hibernate.annotations.common.Version   : HCANN000001: Hibernate Commons Annotations {5.0.4.Final}
2021-02-09 01:45:33.048  INFO 25764 --- [    Test worker] org.hibernate.dialect.Dialect            : HHH000400: Using dialect: org.hibernate.dialect.MySQL5InnoDBDialect
Hibernate: drop table if exists posts
Hibernate: create table posts (id bigint not null auto_increment, author varchar(255), content TEXT not null, title varchar(500) not null, primary key (id)) engine=InnoDB
2021-02-09 01:45:35.021  INFO 25764 --- [    Test worker] o.h.t.schema.internal.SchemaCreatorImpl  : HHH000476: Executing import script 'org.hibernate.tool.schema.internal.exec.ScriptSourceInputNonExistentImpl@52b9f9e6'
2021-02-09 01:45:35.031  INFO 25764 --- [    Test worker] j.LocalContainerEntityManagerFactoryBean : Initialized JPA EntityManagerFactory for persistence unit 'default'
2021-02-09 01:45:38.128  INFO 25764 --- [    Test worker] o.s.s.concurrent.ThreadPoolTaskExecutor  : Initializing ExecutorService 'applicationTaskExecutor'
2021-02-09 01:45:38.313  WARN 25764 --- [    Test worker] aWebConfiguration$JpaWebMvcConfiguration : spring.jpa.open-in-view is enabled by default. Therefore, database queries may be performed during view rendering. Explicitly configure spring.jpa.open-in-view to disable this warning
2021-02-09 01:45:38.974  WARN 25764 --- [    Test worker] o.s.b.a.m.MustacheAutoConfiguration      : Cannot find template location: classpath:/templates/ (please add some templates, check your Mustache configuration, or set spring.mustache.check-template-location=false)
2021-02-09 01:45:40.796  INFO 25764 --- [    Test worker] .s.s.UserDetailsServiceAutoConfiguration : 

Using generated security password: d6d2a3da-20fe-42f0-8e57-9af8e1ff6f12

2021-02-09 01:45:41.534  INFO 25764 --- [    Test worker] o.s.s.web.DefaultSecurityFilterChain     : Creating filter chain: any request, [org.springframework.security.web.context.request.async.WebAsyncManagerIntegrationFilter@8ef6be5, org.springframework.security.web.context.SecurityContextPersistenceFilter@736b732a, org.springframework.security.web.header.HeaderWriterFilter@330dbce0, org.springframework.security.web.csrf.CsrfFilter@3e77a8ce, org.springframework.security.web.authentication.logout.LogoutFilter@733cb04d, org.springframework.security.web.authentication.UsernamePasswordAuthenticationFilter@505ed8b8, org.springframework.security.web.authentication.ui.DefaultLoginPageGeneratingFilter@2c672259, org.springframework.security.web.authentication.ui.DefaultLogoutPageGeneratingFilter@1a047d80, org.springframework.security.web.authentication.www.BasicAuthenticationFilter@356289d7, org.springframework.security.web.savedrequest.RequestCacheAwareFilter@48f67dc1, org.springframework.security.web.servletapi.SecurityContextHolderAwareRequestFilter@2783b30b, org.springframework.security.web.authentication.AnonymousAuthenticationFilter@44900a1d, org.springframework.security.web.session.SessionManagementFilter@5635457a, org.springframework.security.web.access.ExceptionTranslationFilter@3a6bc4f7, org.springframework.security.web.access.intercept.FilterSecurityInterceptor@1c69d47c]
2021-02-09 01:45:42.381  INFO 25764 --- [    Test worker] s.a.ScheduledAnnotationBeanPostProcessor : No TaskScheduler/ScheduledExecutorService bean found for scheduled processing
2021-02-09 01:45:42.410  INFO 25764 --- [    Test worker] c.l.a.s.t.d.posts.PostsRepositoryTest    : Started PostsRepositoryTest in 15.372 seconds (JVM running for 19.489)
Hibernate: insert into posts (author, content, title) values (?, ?, ?)
2021-02-09 01:45:43.045  INFO 25764 --- [    Test worker] o.h.h.i.QueryTranslatorFactoryInitiator  : HHH000397: Using ASTQueryTranslatorFactory
Hibernate: select posts0_.id as id1_0_, posts0_.author as author2_0_, posts0_.content as content3_0_, posts0_.title as title4_0_ from posts posts0_
Hibernate: select posts0_.id as id1_0_, posts0_.author as author2_0_, posts0_.content as content3_0_, posts0_.title as title4_0_ from posts posts0_
Hibernate: delete from posts where id=?
]]></system-out>
  <system-err><![CDATA[]]></system-err>
</testsuite>
